Using pre-set license
Built from '2020.3/staging' branch; Version is '2020.3.5f1 (8095aa901b9b) revision 8426922'; Using compiler version '192528614'; Build Type 'Release'
OS: 'Windows 7  (6.1.0) 64bit' Language: 'es' Physical Memory: 16328 MB
BatchMode: 1, IsHumanControllingUs: 0, StartBugReporterOnCrash: 0, Is64bit: 1, IsPro: 0

 COMMAND LINE ARGUMENTS:
C:\Program Files\Unity\Hub\Editor\2020.3.5f1\Editor\Unity.exe
-adb2
-batchMode
-noUpm
-name
AssetImportWorker1
-projectPath
D:/Unity Projects 2022/NumpadRun
-logFile
Logs/AssetImportWorker1.log
-srvPort
49345
Successfully changed project path to: D:/Unity Projects 2022/NumpadRun
D:/Unity Projects 2022/NumpadRun
Using Asset Import Pipeline V2.
Refreshing native plugins compatible for Editor in 45.90 ms, found 1 plugins.
Preloading 0 native plugins for Editor in 0.00 ms.
Initialize engine version: 2020.3.5f1 (8095aa901b9b)
[Subsystems] Discovering subsystems at path C:/Program Files/Unity/Hub/Editor/2020.3.5f1/Editor/Data/Resources/UnitySubsystems
[Subsystems] Discovering subsystems at path D:/Unity Projects 2022/NumpadRun/Assets
GfxDevice: creating device client; threaded=0
d3d11: CreateDXGIFactory2(...) not found, fallbacking to CreateDXGIFactory1(...).
d3d11: QueryInterface(IDXGIFactory5) failed (80004002).
Direct3D:
    Version:  Direct3D 11.0 [level 11.0]
    Renderer: NVIDIA NVS 510 (ID=0xffd)
    Vendor:   
    VRAM:     1979 MB
    Driver:   23.21.13.9077
Initialize mono
Mono path[0] = 'C:/Program Files/Unity/Hub/Editor/2020.3.5f1/Editor/Data/Managed'
Mono path[1] = 'C:/Program Files/Unity/Hub/Editor/2020.3.5f1/Editor/Data/MonoBleedingEdge/lib/mono/unityjit'
Mono config path = 'C:/Program Files/Unity/Hub/Editor/2020.3.5f1/Editor/Data/MonoBleedingEdge/etc'
Using monoOptions --debugger-agent=transport=dt_socket,embedding=1,server=y,suspend=n,address=127.0.0.1:56228
Begin MonoManager ReloadAssembly
Registering precompiled unity dll's ...
Register platform support module: C:/Program Files/Unity/Hub/Editor/2020.3.5f1/Editor/Data/PlaybackEngines/WebGLSupport/UnityEditor.WebGL.Extensions.dll
Register platform support module: C:/Program Files/Unity/Hub/Editor/2020.3.5f1/Editor/Data/PlaybackEngines/WindowsStandaloneSupport/UnityEditor.WindowsStandalone.Extensions.dll
Registered in 0.001723 seconds.
Native extension for WindowsStandalone target not found
Native extension for WebGL target not found
Refreshing native plugins compatible for Editor in 48.10 ms, found 1 plugins.
Preloading 0 native plugins for Editor in 0.00 ms.
Mono: successfully reloaded assembly
- Completed reload, in  1.609 seconds
Platform modules already initialized, skipping
Registering precompiled user dll's ...
Registered in 0.000608 seconds.
Begin MonoManager ReloadAssembly
Native extension for WindowsStandalone target not found
Native extension for WebGL target not found
Refreshing native plugins compatible for Editor in 72.16 ms, found 1 plugins.
Preloading 0 native plugins for Editor in 0.00 ms.
Mono: successfully reloaded assembly
- Completed reload, in  1.206 seconds
Platform modules already initialized, skipping
========================================================================
Worker process is ready to serve import requests
Launched and connected shader compiler UnityShaderCompiler.exe after 0.05 seconds
Refreshing native plugins compatible for Editor in 0.59 ms, found 1 plugins.
Preloading 0 native plugins for Editor in 0.00 ms.
Unloading 1815 Unused Serialized files (Serialized files now loaded: 0)
System memory in use before: 85.7 MB.
System memory in use after: 85.6 MB.

Unloading 24 unused Assets to reduce memory usage. Loaded Objects now: 2262.
Total: 2.395766 ms (FindLiveObjects: 0.175085 ms CreateObjectMapping: 0.084170 ms MarkObjects: 1.971397 ms  DeleteObjects: 0.163354 ms)

========================================================================
Received Import Request.
  path: Assets/Prefabs/Platform1.prefab
  artifactKey: Guid(38d74d9afe0c92a4f914575094bfa0df) Importer(815301076,1909f56bfc062723c751e8b465ee728b)
Start importing Assets/Prefabs/Platform1.prefab using Guid(38d74d9afe0c92a4f914575094bfa0df) Importer(815301076,1909f56bfc062723c751e8b465ee728b)  -> (artifact id: 'ab712bbfac4b4e825daa618189e57293') in 0.157942 seconds
  Import took 0.163582 seconds .

========================================================================
Received Prepare
Refreshing native plugins compatible for Editor in 1.35 ms, found 1 plugins.
Preloading 0 native plugins for Editor in 0.00 ms.
Unloading 10 Unused Serialized files (Serialized files now loaded: 0)
System memory in use before: 53.2 MB.
System memory in use after: 53.2 MB.

Unloading 10 unused Assets to reduce memory usage. Loaded Objects now: 2269.
Total: 3.284684 ms (FindLiveObjects: 0.194148 ms CreateObjectMapping: 0.078598 ms MarkObjects: 2.904892 ms  DeleteObjects: 0.105286 ms)

========================================================================
Received Import Request.
  Time since last request: 225.986981 seconds.
  path: Assets/Prefabs/Platform2.prefab
  artifactKey: Guid(11ac84da67db71b438c4d445ad8a0b34) Importer(815301076,1909f56bfc062723c751e8b465ee728b)
Start importing Assets/Prefabs/Platform2.prefab using Guid(11ac84da67db71b438c4d445ad8a0b34) Importer(815301076,1909f56bfc062723c751e8b465ee728b)  -> (artifact id: '78c6314bb1e4d8a9cf2511ad05b1ace6') in 0.031078 seconds
  Import took 0.039495 seconds .

========================================================================
Received Import Request.
  Time since last request: 148.624634 seconds.
  path: Assets/Prefabs/Platform2.prefab
  artifactKey: Guid(11ac84da67db71b438c4d445ad8a0b34) Importer(815301076,1909f56bfc062723c751e8b465ee728b)
Start importing Assets/Prefabs/Platform2.prefab using Guid(11ac84da67db71b438c4d445ad8a0b34) Importer(815301076,1909f56bfc062723c751e8b465ee728b)  -> (artifact id: '1ac4b95be9c16b3445604e9d0ea329fe') in 0.025674 seconds
  Import took 0.035178 seconds .

========================================================================
Received Prepare
Registering precompiled user dll's ...
Registered in 0.000645 seconds.
Begin MonoManager ReloadAssembly
Native extension for WindowsStandalone target not found
Native extension for WebGL target not found
Refreshing native plugins compatible for Editor in 0.61 ms, found 1 plugins.
Preloading 0 native plugins for Editor in 0.00 ms.
Mono: successfully reloaded assembly
- Completed reload, in  1.053 seconds
Platform modules already initialized, skipping
Refreshing native plugins compatible for Editor in 0.46 ms, found 1 plugins.
Preloading 0 native plugins for Editor in 0.00 ms.
Unloading 1810 Unused Serialized files (Serialized files now loaded: 0)
System memory in use before: 88.7 MB.
System memory in use after: 88.7 MB.

Unloading 12 unused Assets to reduce memory usage. Loaded Objects now: 2273.
Total: 2.320101 ms (FindLiveObjects: 0.178898 ms CreateObjectMapping: 0.084463 ms MarkObjects: 1.921833 ms  DeleteObjects: 0.133440 ms)

========================================================================
Received Import Request.
  Time since last request: 407.754974 seconds.
  path: Assets/Prefabs/FloorCube.prefab
  artifactKey: Guid(6280db3dc348fab40b54c9669ed0f330) Importer(815301076,1909f56bfc062723c751e8b465ee728b)
Start importing Assets/Prefabs/FloorCube.prefab using Guid(6280db3dc348fab40b54c9669ed0f330) Importer(815301076,1909f56bfc062723c751e8b465ee728b)  -> (artifact id: 'e19e27f810f7cb0ec136a2ecf35acfb8') in 0.080287 seconds
  Import took 0.086496 seconds .

========================================================================
Received Import Request.
  Time since last request: 36.175004 seconds.
  path: Assets/Prefabs/Platform2.prefab
  artifactKey: Guid(11ac84da67db71b438c4d445ad8a0b34) Importer(815301076,1909f56bfc062723c751e8b465ee728b)
Start importing Assets/Prefabs/Platform2.prefab using Guid(11ac84da67db71b438c4d445ad8a0b34) Importer(815301076,1909f56bfc062723c751e8b465ee728b)  -> (artifact id: '7e7294204e617b05efe9648981a312d0') in 0.025965 seconds
  Import took 0.034677 seconds .

========================================================================
Received Import Request.
  Time since last request: 145.791380 seconds.
  path: Assets/Prefabs/Platform3.prefab
  artifactKey: Guid(59200af052487a84c9f9bbb264d6c03a) Importer(815301076,1909f56bfc062723c751e8b465ee728b)
Start importing Assets/Prefabs/Platform3.prefab using Guid(59200af052487a84c9f9bbb264d6c03a) Importer(815301076,1909f56bfc062723c751e8b465ee728b)  -> (artifact id: '52ccb81a2977d2fdc89759878646fdf6') in 0.025974 seconds
  Import took 0.035777 seconds .

========================================================================
Received Import Request.
  Time since last request: 0.002300 seconds.
  path: Assets/Prefabs/Platform3.prefab
  artifactKey: Guid(59200af052487a84c9f9bbb264d6c03a) Importer(815301076,1909f56bfc062723c751e8b465ee728b)
Start importing Assets/Prefabs/Platform3.prefab using Guid(59200af052487a84c9f9bbb264d6c03a) Importer(815301076,1909f56bfc062723c751e8b465ee728b)  -> (artifact id: '52ccb81a2977d2fdc89759878646fdf6') in 0.010915 seconds
  Import took 0.015779 seconds .

========================================================================
Received Import Request.
  Time since last request: 437.867445 seconds.
  path: Assets/Prefabs/Platform4.prefab
  artifactKey: Guid(d61409bbfbf4eac4f95433a4caf895e9) Importer(815301076,1909f56bfc062723c751e8b465ee728b)
Start importing Assets/Prefabs/Platform4.prefab using Guid(d61409bbfbf4eac4f95433a4caf895e9) Importer(815301076,1909f56bfc062723c751e8b465ee728b)  -> (artifact id: 'b22f16780db45c7ee59c2c605a2f35dd') in 0.016487 seconds
  Import took 0.023594 seconds .

========================================================================
Received Import Request.
  Time since last request: 0.003861 seconds.
  path: Assets/Prefabs/Platform4.prefab
  artifactKey: Guid(d61409bbfbf4eac4f95433a4caf895e9) Importer(815301076,1909f56bfc062723c751e8b465ee728b)
Start importing Assets/Prefabs/Platform4.prefab using Guid(d61409bbfbf4eac4f95433a4caf895e9) Importer(815301076,1909f56bfc062723c751e8b465ee728b)  -> (artifact id: 'b22f16780db45c7ee59c2c605a2f35dd') in 0.009259 seconds
  Import took 0.013286 seconds .

========================================================================
Received Import Request.
  Time since last request: 14.063991 seconds.
  path: Assets/Prefabs/Platform2.prefab
  artifactKey: Guid(11ac84da67db71b438c4d445ad8a0b34) Importer(815301076,1909f56bfc062723c751e8b465ee728b)
Start importing Assets/Prefabs/Platform2.prefab using Guid(11ac84da67db71b438c4d445ad8a0b34) Importer(815301076,1909f56bfc062723c751e8b465ee728b)  -> (artifact id: '60e291bd8023a7feabc37fbfe4e34470') in 0.018274 seconds
  Import took 0.026335 seconds .

========================================================================
Received Prepare
Registering precompiled user dll's ...
Registered in 0.000626 seconds.
Begin MonoManager ReloadAssembly
Native extension for WindowsStandalone target not found
Native extension for WebGL target not found
Refreshing native plugins compatible for Editor in 0.62 ms, found 1 plugins.
Preloading 0 native plugins for Editor in 0.00 ms.
Mono: successfully reloaded assembly
- Completed reload, in  1.205 seconds
Platform modules already initialized, skipping
Refreshing native plugins compatible for Editor in 0.45 ms, found 1 plugins.
Preloading 0 native plugins for Editor in 0.00 ms.
Unloading 1810 Unused Serialized files (Serialized files now loaded: 0)
System memory in use before: 88.8 MB.
System memory in use after: 88.7 MB.

Unloading 12 unused Assets to reduce memory usage. Loaded Objects now: 2278.
Total: 5.318548 ms (FindLiveObjects: 0.383897 ms CreateObjectMapping: 0.218783 ms MarkObjects: 4.422885 ms  DeleteObjects: 0.289756 ms)

========================================================================
Received Prepare
Registering precompiled user dll's ...
Registered in 0.000633 seconds.
Begin MonoManager ReloadAssembly
Native extension for WindowsStandalone target not found
Native extension for WebGL target not found
Refreshing native plugins compatible for Editor in 0.62 ms, found 1 plugins.
Preloading 0 native plugins for Editor in 0.00 ms.
Mono: successfully reloaded assembly
- Completed reload, in  1.102 seconds
Platform modules already initialized, skipping
Refreshing native plugins compatible for Editor in 0.56 ms, found 1 plugins.
Preloading 0 native plugins for Editor in 0.00 ms.
Unloading 1810 Unused Serialized files (Serialized files now loaded: 0)
System memory in use before: 88.8 MB.
System memory in use after: 88.8 MB.

Unloading 12 unused Assets to reduce memory usage. Loaded Objects now: 2282.
Total: 2.360280 ms (FindLiveObjects: 0.172739 ms CreateObjectMapping: 0.078305 ms MarkObjects: 1.973157 ms  DeleteObjects: 0.134027 ms)

========================================================================
Received Prepare
Registering precompiled user dll's ...
Registered in 0.000663 seconds.
Begin MonoManager ReloadAssembly
Native extension for WindowsStandalone target not found
Native extension for WebGL target not found
Refreshing native plugins compatible for Editor in 0.62 ms, found 1 plugins.
Preloading 0 native plugins for Editor in 0.00 ms.
Mono: successfully reloaded assembly
- Completed reload, in  1.127 seconds
Platform modules already initialized, skipping
Refreshing native plugins compatible for Editor in 0.43 ms, found 1 plugins.
Preloading 0 native plugins for Editor in 0.00 ms.
Unloading 1810 Unused Serialized files (Serialized files now loaded: 0)
System memory in use before: 88.8 MB.
System memory in use after: 88.8 MB.

Unloading 12 unused Assets to reduce memory usage. Loaded Objects now: 2286.
Total: 2.325087 ms (FindLiveObjects: 0.173032 ms CreateObjectMapping: 0.080651 ms MarkObjects: 1.929752 ms  DeleteObjects: 0.139892 ms)

========================================================================
Received Prepare
Registering precompiled user dll's ...
Registered in 0.000601 seconds.
Begin MonoManager ReloadAssembly
Native extension for WindowsStandalone target not found
Native extension for WebGL target not found
Refreshing native plugins compatible for Editor in 0.62 ms, found 1 plugins.
Preloading 0 native plugins for Editor in 0.00 ms.
Mono: successfully reloaded assembly
- Completed reload, in  1.113 seconds
Platform modules already initialized, skipping
Refreshing native plugins compatible for Editor in 0.45 ms, found 1 plugins.
Preloading 0 native plugins for Editor in 0.00 ms.
Unloading 1810 Unused Serialized files (Serialized files now loaded: 0)
System memory in use before: 88.8 MB.
System memory in use after: 88.8 MB.

Unloading 12 unused Assets to reduce memory usage. Loaded Objects now: 2290.
Total: 2.321861 ms (FindLiveObjects: 0.174206 ms CreateObjectMapping: 0.078891 ms MarkObjects: 1.929752 ms  DeleteObjects: 0.137253 ms)

========================================================================
Received Import Request.
  Time since last request: 353.420842 seconds.
  path: Assets/Prefabs/Platform1.prefab
  artifactKey: Guid(38d74d9afe0c92a4f914575094bfa0df) Importer(815301076,1909f56bfc062723c751e8b465ee728b)
Start importing Assets/Prefabs/Platform1.prefab using Guid(38d74d9afe0c92a4f914575094bfa0df) Importer(815301076,1909f56bfc062723c751e8b465ee728b)  -> (artifact id: 'c486699f335efa48d1b761bb29093aff') in 0.078685 seconds
  Import took 0.087973 seconds .

========================================================================
Received Import Request.
  Time since last request: 0.049061 seconds.
  path: Assets/Prefabs/Platform1.prefab
  artifactKey: Guid(38d74d9afe0c92a4f914575094bfa0df) Importer(815301076,1909f56bfc062723c751e8b465ee728b)
Start importing Assets/Prefabs/Platform1.prefab using Guid(38d74d9afe0c92a4f914575094bfa0df) Importer(815301076,1909f56bfc062723c751e8b465ee728b)  -> (artifact id: 'c486699f335efa48d1b761bb29093aff') in 0.013460 seconds
  Import took 0.018653 seconds .

========================================================================
Received Prepare
Registering precompiled user dll's ...
Registered in 0.000637 seconds.
Begin MonoManager ReloadAssembly
Native extension for WindowsStandalone target not found
Native extension for WebGL target not found
Refreshing native plugins compatible for Editor in 0.57 ms, found 1 plugins.
Preloading 0 native plugins for Editor in 0.00 ms.
Mono: successfully reloaded assembly
- Completed reload, in  1.084 seconds
Platform modules already initialized, skipping
Refreshing native plugins compatible for Editor in 0.43 ms, found 1 plugins.
Preloading 0 native plugins for Editor in 0.00 ms.
Unloading 1810 Unused Serialized files (Serialized files now loaded: 0)
System memory in use before: 88.8 MB.
System memory in use after: 88.8 MB.

Unloading 12 unused Assets to reduce memory usage. Loaded Objects now: 2295.
Total: 5.308870 ms (FindLiveObjects: 0.359849 ms CreateObjectMapping: 0.217317 ms MarkObjects: 4.433737 ms  DeleteObjects: 0.295035 ms)

========================================================================
Received Import Request.
  Time since last request: 15.148013 seconds.
  path: Assets/Prefabs/Platform2.prefab
  artifactKey: Guid(11ac84da67db71b438c4d445ad8a0b34) Importer(815301076,1909f56bfc062723c751e8b465ee728b)
Start importing Assets/Prefabs/Platform2.prefab using Guid(11ac84da67db71b438c4d445ad8a0b34) Importer(815301076,1909f56bfc062723c751e8b465ee728b)  -> (artifact id: '40cfc34d66d409bed58a0f1f67e081f8') in 0.070805 seconds
  Import took 0.076385 seconds .

========================================================================
Received Import Request.
  Time since last request: 0.486838 seconds.
  path: Assets/Prefabs/Platform2.prefab
  artifactKey: Guid(11ac84da67db71b438c4d445ad8a0b34) Importer(815301076,1909f56bfc062723c751e8b465ee728b)
Start importing Assets/Prefabs/Platform2.prefab using Guid(11ac84da67db71b438c4d445ad8a0b34) Importer(815301076,1909f56bfc062723c751e8b465ee728b)  -> (artifact id: 'a28a0b3d15d72d6edc69a6ef535dbaed') in 0.023256 seconds
  Import took 0.031361 seconds .

========================================================================
Received Import Request.
  Time since last request: 2.983311 seconds.
  path: Assets/Prefabs/Platform6.prefab
  artifactKey: Guid(d6f0918a9f0d7914d9847203b1cc24b8) Importer(815301076,1909f56bfc062723c751e8b465ee728b)
Start importing Assets/Prefabs/Platform6.prefab using Guid(d6f0918a9f0d7914d9847203b1cc24b8) Importer(815301076,1909f56bfc062723c751e8b465ee728b)  -> (artifact id: '56f07c6ae9ba50c0d7a4c61ce63983a1') in 0.018914 seconds
  Import took 0.025762 seconds .

========================================================================
Received Import Request.
  Time since last request: 4.818743 seconds.
  path: Assets/Prefabs/Platform3.prefab
  artifactKey: Guid(59200af052487a84c9f9bbb264d6c03a) Importer(815301076,1909f56bfc062723c751e8b465ee728b)
Start importing Assets/Prefabs/Platform3.prefab using Guid(59200af052487a84c9f9bbb264d6c03a) Importer(815301076,1909f56bfc062723c751e8b465ee728b)  -> (artifact id: 'cc0d0fb8817af610e7db66709e9fcf8f') in 0.011942 seconds
  Import took 0.015539 seconds .

========================================================================
Received Import Request.
  Time since last request: 0.001906 seconds.
  path: Assets/Prefabs/Platform3.prefab
  artifactKey: Guid(59200af052487a84c9f9bbb264d6c03a) Importer(815301076,1909f56bfc062723c751e8b465ee728b)
Start importing Assets/Prefabs/Platform3.prefab using Guid(59200af052487a84c9f9bbb264d6c03a) Importer(815301076,1909f56bfc062723c751e8b465ee728b)  -> (artifact id: 'cc0d0fb8817af610e7db66709e9fcf8f') in 0.008826 seconds
  Import took 0.011806 seconds .

========================================================================
Received Import Request.
  Time since last request: 2.965289 seconds.
  path: Assets/Prefabs/Platform4.prefab
  artifactKey: Guid(d61409bbfbf4eac4f95433a4caf895e9) Importer(815301076,1909f56bfc062723c751e8b465ee728b)
Start importing Assets/Prefabs/Platform4.prefab using Guid(d61409bbfbf4eac4f95433a4caf895e9) Importer(815301076,1909f56bfc062723c751e8b465ee728b)  -> (artifact id: '91ee89812b09c95b9f6c588e362c0689') in 0.013840 seconds
  Import took 0.017672 seconds .

========================================================================
Received Import Request.
  Time since last request: 0.003488 seconds.
  path: Assets/Prefabs/Platform4.prefab
  artifactKey: Guid(d61409bbfbf4eac4f95433a4caf895e9) Importer(815301076,1909f56bfc062723c751e8b465ee728b)
Start importing Assets/Prefabs/Platform4.prefab using Guid(d61409bbfbf4eac4f95433a4caf895e9) Importer(815301076,1909f56bfc062723c751e8b465ee728b)  -> (artifact id: '91ee89812b09c95b9f6c588e362c0689') in 0.008758 seconds
  Import took 0.012267 seconds .

========================================================================
Received Import Request.
  Time since last request: 0.712760 seconds.
  path: Assets/Prefabs/Platform5.prefab
  artifactKey: Guid(6975c778d3bb54642be17e3bee965f01) Importer(815301076,1909f56bfc062723c751e8b465ee728b)
Start importing Assets/Prefabs/Platform5.prefab using Guid(6975c778d3bb54642be17e3bee965f01) Importer(815301076,1909f56bfc062723c751e8b465ee728b)  -> (artifact id: 'b3474def857d5d19482d4da23d89a8bd') in 0.022707 seconds
  Import took 0.029992 seconds .

========================================================================
Received Import Request.
  Time since last request: 0.006006 seconds.
  path: Assets/Prefabs/Platform5.prefab
  artifactKey: Guid(6975c778d3bb54642be17e3bee965f01) Importer(815301076,1909f56bfc062723c751e8b465ee728b)
Start importing Assets/Prefabs/Platform5.prefab using Guid(6975c778d3bb54642be17e3bee965f01) Importer(815301076,1909f56bfc062723c751e8b465ee728b)  -> (artifact id: 'b3474def857d5d19482d4da23d89a8bd') in 0.014849 seconds
  Import took 0.020711 seconds .

========================================================================
Received Import Request.
  Time since last request: 7.919353 seconds.
  path: Assets/Prefabs/Platform6.prefab
  artifactKey: Guid(d6f0918a9f0d7914d9847203b1cc24b8) Importer(815301076,1909f56bfc062723c751e8b465ee728b)
Start importing Assets/Prefabs/Platform6.prefab using Guid(d6f0918a9f0d7914d9847203b1cc24b8) Importer(815301076,1909f56bfc062723c751e8b465ee728b)  -> (artifact id: '4f8501ca5f078ce51a5323d031dfc747') in 0.020171 seconds
  Import took 0.026492 seconds .

========================================================================
Received Prepare
Registering precompiled user dll's ...
Registered in 0.000592 seconds.
Begin MonoManager ReloadAssembly
Native extension for WindowsStandalone target not found
Native extension for WebGL target not found
Refreshing native plugins compatible for Editor in 0.62 ms, found 1 plugins.
Preloading 0 native plugins for Editor in 0.00 ms.
Mono: successfully reloaded assembly
- Completed reload, in  1.034 seconds
Platform modules already initialized, skipping
Refreshing native plugins compatible for Editor in 0.44 ms, found 1 plugins.
Preloading 0 native plugins for Editor in 0.00 ms.
Unloading 1810 Unused Serialized files (Serialized files now loaded: 0)
System memory in use before: 88.9 MB.
System memory in use after: 88.8 MB.

Unloading 12 unused Assets to reduce memory usage. Loaded Objects now: 2300.
Total: 4.599437 ms (FindLiveObjects: 0.514698 ms CreateObjectMapping: 0.242832 ms MarkObjects: 3.651278 ms  DeleteObjects: 0.186523 ms)

========================================================================
Received Prepare
Registering precompiled user dll's ...
Registered in 0.000596 seconds.
Begin MonoManager ReloadAssembly
Native extension for WindowsStandalone target not found
Native extension for WebGL target not found
Refreshing native plugins compatible for Editor in 0.62 ms, found 1 plugins.
Preloading 0 native plugins for Editor in 0.00 ms.
Mono: successfully reloaded assembly
- Completed reload, in  1.098 seconds
Platform modules already initialized, skipping
Refreshing native plugins compatible for Editor in 0.71 ms, found 1 plugins.
Preloading 0 native plugins for Editor in 0.00 ms.
Unloading 1810 Unused Serialized files (Serialized files now loaded: 0)
System memory in use before: 88.9 MB.
System memory in use after: 88.8 MB.

Unloading 12 unused Assets to reduce memory usage. Loaded Objects now: 2304.
Total: 3.799382 ms (FindLiveObjects: 0.261895 ms CreateObjectMapping: 0.113791 ms MarkObjects: 3.224269 ms  DeleteObjects: 0.196788 ms)

========================================================================
Received Prepare
Registering precompiled user dll's ...
Registered in 0.000672 seconds.
Begin MonoManager ReloadAssembly
Native extension for WindowsStandalone target not found
Native extension for WebGL target not found
Refreshing native plugins compatible for Editor in 0.64 ms, found 1 plugins.
Preloading 0 native plugins for Editor in 0.00 ms.
Mono: successfully reloaded assembly
- Completed reload, in  1.104 seconds
Platform modules already initialized, skipping
Refreshing native plugins compatible for Editor in 0.96 ms, found 1 plugins.
Preloading 0 native plugins for Editor in 0.00 ms.
Unloading 1810 Unused Serialized files (Serialized files now loaded: 0)
System memory in use before: 88.9 MB.
System memory in use after: 88.9 MB.

Unloading 12 unused Assets to reduce memory usage. Loaded Objects now: 2308.
Total: 2.342977 ms (FindLiveObjects: 0.181244 ms CreateObjectMapping: 0.078305 ms MarkObjects: 1.952627 ms  DeleteObjects: 0.129334 ms)

========================================================================
Received Prepare
Registering precompiled user dll's ...
Registered in 0.000715 seconds.
Begin MonoManager ReloadAssembly
Native extension for WindowsStandalone target not found
Native extension for WebGL target not found
Refreshing native plugins compatible for Editor in 0.65 ms, found 1 plugins.
Preloading 0 native plugins for Editor in 0.00 ms.
Mono: successfully reloaded assembly
- Completed reload, in  1.058 seconds
Platform modules already initialized, skipping
Refreshing native plugins compatible for Editor in 0.50 ms, found 1 plugins.
Preloading 0 native plugins for Editor in 0.00 ms.
Unloading 1810 Unused Serialized files (Serialized files now loaded: 0)
System memory in use before: 88.9 MB.
System memory in use after: 88.9 MB.

Unloading 12 unused Assets to reduce memory usage. Loaded Objects now: 2312.
Total: 2.362040 ms (FindLiveObjects: 0.177725 ms CreateObjectMapping: 0.079478 ms MarkObjects: 1.966411 ms  DeleteObjects: 0.136373 ms)

========================================================================
Received Prepare
Registering precompiled user dll's ...
Registered in 0.000606 seconds.
Begin MonoManager ReloadAssembly
Native extension for WindowsStandalone target not found
Native extension for WebGL target not found
Refreshing native plugins compatible for Editor in 0.59 ms, found 1 plugins.
Preloading 0 native plugins for Editor in 0.00 ms.
Mono: successfully reloaded assembly
- Completed reload, in  1.078 seconds
Platform modules already initialized, skipping
Refreshing native plugins compatible for Editor in 0.50 ms, found 1 plugins.
Preloading 0 native plugins for Editor in 0.00 ms.
Unloading 1810 Unused Serialized files (Serialized files now loaded: 0)
System memory in use before: 88.9 MB.
System memory in use after: 88.9 MB.

Unloading 12 unused Assets to reduce memory usage. Loaded Objects now: 2316.
Total: 4.284166 ms (FindLiveObjects: 0.362488 ms CreateObjectMapping: 0.217904 ms MarkObjects: 3.562416 ms  DeleteObjects: 0.138426 ms)

========================================================================
Received Prepare
Registering precompiled user dll's ...
Registered in 0.000626 seconds.
Begin MonoManager ReloadAssembly
Native extension for WindowsStandalone target not found
Native extension for WebGL target not found
Refreshing native plugins compatible for Editor in 0.62 ms, found 1 plugins.
Preloading 0 native plugins for Editor in 0.00 ms.
Mono: successfully reloaded assembly
- Completed reload, in  1.093 seconds
Platform modules already initialized, skipping
Refreshing native plugins compatible for Editor in 0.91 ms, found 1 plugins.
Preloading 0 native plugins for Editor in 0.00 ms.
Unloading 1810 Unused Serialized files (Serialized files now loaded: 0)
System memory in use before: 88.9 MB.
System memory in use after: 88.9 MB.

Unloading 12 unused Assets to reduce memory usage. Loaded Objects now: 2320.
Total: 2.357054 ms (FindLiveObjects: 0.180951 ms CreateObjectMapping: 0.078305 ms MarkObjects: 1.953507 ms  DeleteObjects: 0.143118 ms)

========================================================================
Received Prepare
Registering precompiled user dll's ...
Registered in 0.000577 seconds.
Begin MonoManager ReloadAssembly
Native extension for WindowsStandalone target not found
Native extension for WebGL target not found
Refreshing native plugins compatible for Editor in 0.63 ms, found 1 plugins.
Preloading 0 native plugins for Editor in 0.00 ms.
Mono: successfully reloaded assembly
- Completed reload, in  1.091 seconds
Platform modules already initialized, skipping
Refreshing native plugins compatible for Editor in 0.44 ms, found 1 plugins.
Preloading 0 native plugins for Editor in 0.00 ms.
Unloading 1810 Unused Serialized files (Serialized files now loaded: 0)
System memory in use before: 88.9 MB.
System memory in use after: 88.9 MB.

Unloading 12 unused Assets to reduce memory usage. Loaded Objects now: 2324.
Total: 4.830831 ms (FindLiveObjects: 0.368647 ms CreateObjectMapping: 0.217610 ms MarkObjects: 4.066849 ms  DeleteObjects: 0.174792 ms)

========================================================================
Received Prepare
Registering precompiled user dll's ...
Registered in 0.000599 seconds.
Begin MonoManager ReloadAssembly
Native extension for WindowsStandalone target not found
Native extension for WebGL target not found
Refreshing native plugins compatible for Editor in 0.57 ms, found 1 plugins.
Preloading 0 native plugins for Editor in 0.00 ms.
Mono: successfully reloaded assembly
- Completed reload, in  1.134 seconds
Platform modules already initialized, skipping
Refreshing native plugins compatible for Editor in 0.47 ms, found 1 plugins.
Preloading 0 native plugins for Editor in 0.00 ms.
Unloading 1810 Unused Serialized files (Serialized files now loaded: 0)
System memory in use before: 88.9 MB.
System memory in use after: 88.9 MB.

Unloading 12 unused Assets to reduce memory usage. Loaded Objects now: 2328.
Total: 2.357640 ms (FindLiveObjects: 0.180951 ms CreateObjectMapping: 0.080651 ms MarkObjects: 1.955560 ms  DeleteObjects: 0.138719 ms)

========================================================================
Received Prepare
Registering precompiled user dll's ...
Registered in 0.000619 seconds.
Begin MonoManager ReloadAssembly
Native extension for WindowsStandalone target not found
Native extension for WebGL target not found
Refreshing native plugins compatible for Editor in 0.63 ms, found 1 plugins.
Preloading 0 native plugins for Editor in 0.00 ms.
Mono: successfully reloaded assembly
- Completed reload, in  1.148 seconds
Platform modules already initialized, skipping
Refreshing native plugins compatible for Editor in 0.50 ms, found 1 plugins.
Preloading 0 native plugins for Editor in 0.00 ms.
Unloading 1810 Unused Serialized files (Serialized files now loaded: 0)
System memory in use before: 88.9 MB.
System memory in use after: 88.9 MB.

Unloading 12 unused Assets to reduce memory usage. Loaded Objects now: 2332.
Total: 2.638598 ms (FindLiveObjects: 0.218490 ms CreateObjectMapping: 0.086516 ms MarkObjects: 2.180209 ms  DeleteObjects: 0.151623 ms)

AssetImportWorkerClient::OnTransportError - code=2 error=End of file
