Using pre-set license
Built from '2020.3/staging' branch; Version is '2020.3.5f1 (8095aa901b9b) revision 8426922'; Using compiler version '192528614'; Build Type 'Release'
OS: 'Windows 7  (6.1.0) 64bit' Language: 'es' Physical Memory: 16328 MB
BatchMode: 1, IsHumanControllingUs: 0, StartBugReporterOnCrash: 0, Is64bit: 1, IsPro: 0

 COMMAND LINE ARGUMENTS:
C:\Program Files\Unity\Hub\Editor\2020.3.5f1\Editor\Unity.exe
-adb2
-batchMode
-noUpm
-name
AssetImportWorker0
-projectPath
D:/Unity Projects 2022/NumpadRun
-logFile
Logs/AssetImportWorker0.log
-srvPort
54903
Successfully changed project path to: D:/Unity Projects 2022/NumpadRun
D:/Unity Projects 2022/NumpadRun
Using Asset Import Pipeline V2.
Refreshing native plugins compatible for Editor in 58.29 ms, found 1 plugins.
Preloading 0 native plugins for Editor in 0.00 ms.
Initialize engine version: 2020.3.5f1 (8095aa901b9b)
[Subsystems] Discovering subsystems at path C:/Program Files/Unity/Hub/Editor/2020.3.5f1/Editor/Data/Resources/UnitySubsystems
[Subsystems] Discovering subsystems at path D:/Unity Projects 2022/NumpadRun/Assets
GfxDevice: creating device client; threaded=0
d3d11: CreateDXGIFactory2(...) not found, fallbacking to CreateDXGIFactory1(...).
d3d11: QueryInterface(IDXGIFactory5) failed (80004002).
Direct3D:
    Version:  Direct3D 11.0 [level 11.0]
    Renderer: NVIDIA NVS 510 (ID=0xffd)
    Vendor:   
    VRAM:     1979 MB
    Driver:   23.21.13.9077
Initialize mono
Mono path[0] = 'C:/Program Files/Unity/Hub/Editor/2020.3.5f1/Editor/Data/Managed'
Mono path[1] = 'C:/Program Files/Unity/Hub/Editor/2020.3.5f1/Editor/Data/MonoBleedingEdge/lib/mono/unityjit'
Mono config path = 'C:/Program Files/Unity/Hub/Editor/2020.3.5f1/Editor/Data/MonoBleedingEdge/etc'
Using monoOptions --debugger-agent=transport=dt_socket,embedding=1,server=y,suspend=n,address=127.0.0.1:56520
Begin MonoManager ReloadAssembly
Registering precompiled unity dll's ...
Register platform support module: C:/Program Files/Unity/Hub/Editor/2020.3.5f1/Editor/Data/PlaybackEngines/WebGLSupport/UnityEditor.WebGL.Extensions.dll
Register platform support module: C:/Program Files/Unity/Hub/Editor/2020.3.5f1/Editor/Data/PlaybackEngines/WindowsStandaloneSupport/UnityEditor.WindowsStandalone.Extensions.dll
Registered in 0.001746 seconds.
Native extension for WindowsStandalone target not found
Native extension for WebGL target not found
Refreshing native plugins compatible for Editor in 50.71 ms, found 1 plugins.
Preloading 0 native plugins for Editor in 0.00 ms.
Mono: successfully reloaded assembly
- Completed reload, in  1.913 seconds
Platform modules already initialized, skipping
Registering precompiled user dll's ...
Registered in 0.002217 seconds.
Begin MonoManager ReloadAssembly
Native extension for WindowsStandalone target not found
Native extension for WebGL target not found
Refreshing native plugins compatible for Editor in 84.36 ms, found 1 plugins.
Preloading 0 native plugins for Editor in 0.00 ms.
Mono: successfully reloaded assembly
- Completed reload, in  1.527 seconds
Platform modules already initialized, skipping
========================================================================
Worker process is ready to serve import requests
Launched and connected shader compiler UnityShaderCompiler.exe after 0.07 seconds
Refreshing native plugins compatible for Editor in 0.81 ms, found 1 plugins.
Preloading 0 native plugins for Editor in 0.00 ms.
Unloading 1815 Unused Serialized files (Serialized files now loaded: 0)
System memory in use before: 85.7 MB.
System memory in use after: 85.6 MB.

Unloading 24 unused Assets to reduce memory usage. Loaded Objects now: 2262.
Total: 3.269727 ms (FindLiveObjects: 0.268640 ms CreateObjectMapping: 0.091795 ms MarkObjects: 2.697547 ms  DeleteObjects: 0.209985 ms)

========================================================================
Received Import Request.
  path: Assets/Sprites/Runpad_Back.png
  artifactKey: Guid(ac7b33eae7afe744796cec2d7346cb5e) Importer(815301076,1909f56bfc062723c751e8b465ee728b)
Start importing Assets/Sprites/Runpad_Back.png using Guid(ac7b33eae7afe744796cec2d7346cb5e) Importer(815301076,1909f56bfc062723c751e8b465ee728b)  -> (artifact id: 'ac2857efc4264060b28e2151b1c64234') in 0.254286 seconds
  Import took 0.258417 seconds .

========================================================================
Received Import Request.
  Time since last request: 1.127142 seconds.
  path: Assets/Sprites/Runpad_Back.png
  artifactKey: Guid(ac7b33eae7afe744796cec2d7346cb5e) Importer(815301076,1909f56bfc062723c751e8b465ee728b)
Start importing Assets/Sprites/Runpad_Back.png using Guid(ac7b33eae7afe744796cec2d7346cb5e) Importer(815301076,1909f56bfc062723c751e8b465ee728b)  -> (artifact id: 'ac2857efc4264060b28e2151b1c64234') in 0.025694 seconds
  Import took 0.031130 seconds .

========================================================================
Received Import Request.
  Time since last request: 6.389843 seconds.
  path: Assets/Sprites/Runpad_Back.png
  artifactKey: Guid(ac7b33eae7afe744796cec2d7346cb5e) Importer(815301076,1909f56bfc062723c751e8b465ee728b)
Start importing Assets/Sprites/Runpad_Back.png using Guid(ac7b33eae7afe744796cec2d7346cb5e) Importer(815301076,1909f56bfc062723c751e8b465ee728b)  -> (artifact id: 'fdfb010bef7c1a711450a426f5c4e61a') in 0.021301 seconds
  Import took 0.028108 seconds .

========================================================================
Received Import Request.
  Time since last request: 220.233185 seconds.
  path: Assets/Sprites/Fade_Back.png
  artifactKey: Guid(541d7cd61d50d04419cf17f6e27fdd6d) Importer(815301076,1909f56bfc062723c751e8b465ee728b)
Start importing Assets/Sprites/Fade_Back.png using Guid(541d7cd61d50d04419cf17f6e27fdd6d) Importer(815301076,1909f56bfc062723c751e8b465ee728b)  -> (artifact id: 'b2a01be07263221254e25f73d8f2b04f') in 0.013185 seconds
  Import took 0.019107 seconds .

========================================================================
Received Import Request.
  Time since last request: 3.637604 seconds.
  path: Assets/Sprites/Fade_Back.png
  artifactKey: Guid(541d7cd61d50d04419cf17f6e27fdd6d) Importer(815301076,1909f56bfc062723c751e8b465ee728b)
Start importing Assets/Sprites/Fade_Back.png using Guid(541d7cd61d50d04419cf17f6e27fdd6d) Importer(815301076,1909f56bfc062723c751e8b465ee728b)  -> (artifact id: 'a8ae93de161645f0a336b7acae1c6084') in 0.014210 seconds
  Import took 0.020160 seconds .

========================================================================
Received Prepare
Registering precompiled user dll's ...
Registered in 0.000634 seconds.
Begin MonoManager ReloadAssembly
Native extension for WindowsStandalone target not found
Native extension for WebGL target not found
Refreshing native plugins compatible for Editor in 0.53 ms, found 1 plugins.
Preloading 0 native plugins for Editor in 0.00 ms.
Mono: successfully reloaded assembly
- Completed reload, in  1.247 seconds
Platform modules already initialized, skipping
Refreshing native plugins compatible for Editor in 0.64 ms, found 1 plugins.
Preloading 0 native plugins for Editor in 0.00 ms.
Unloading 1810 Unused Serialized files (Serialized files now loaded: 0)
System memory in use before: 88.7 MB.
System memory in use after: 88.6 MB.

Unloading 12 unused Assets to reduce memory usage. Loaded Objects now: 2272.
Total: 3.157989 ms (FindLiveObjects: 0.268933 ms CreateObjectMapping: 0.086810 ms MarkObjects: 2.624814 ms  DeleteObjects: 0.175965 ms)

========================================================================
Received Import Request.
  Time since last request: 305.677326 seconds.
  path: Assets/Sprites/RunpadWhite_Back.png
  artifactKey: Guid(77bee2c2648df9740806a178e294d1bd) Importer(815301076,1909f56bfc062723c751e8b465ee728b)
Start importing Assets/Sprites/RunpadWhite_Back.png using Guid(77bee2c2648df9740806a178e294d1bd) Importer(815301076,1909f56bfc062723c751e8b465ee728b)  -> (artifact id: '229e2aa9ac3b9430c9c873c74171fa2d') in 0.063658 seconds
  Import took 0.068272 seconds .

========================================================================
Received Import Request.
  Time since last request: 0.015892 seconds.
  path: Assets/Sprites/RunpadWhite_Back.png
  artifactKey: Guid(77bee2c2648df9740806a178e294d1bd) Importer(815301076,1909f56bfc062723c751e8b465ee728b)
Start importing Assets/Sprites/RunpadWhite_Back.png using Guid(77bee2c2648df9740806a178e294d1bd) Importer(815301076,1909f56bfc062723c751e8b465ee728b)  -> (artifact id: '229e2aa9ac3b9430c9c873c74171fa2d') in 0.011417 seconds
  Import took 0.014960 seconds .

========================================================================
Received Import Request.
  Time since last request: 16.734184 seconds.
  path: Assets/Sprites/RunpadWhite_Back.png
  artifactKey: Guid(77bee2c2648df9740806a178e294d1bd) Importer(815301076,1909f56bfc062723c751e8b465ee728b)
Start importing Assets/Sprites/RunpadWhite_Back.png using Guid(77bee2c2648df9740806a178e294d1bd) Importer(815301076,1909f56bfc062723c751e8b465ee728b)  -> (artifact id: 'fc42b2f1f3954cd9abd2a773de3624e5') in 0.019678 seconds
  Import took 0.025196 seconds .

========================================================================
Received Prepare
Registering precompiled user dll's ...
Registered in 0.000712 seconds.
Begin MonoManager ReloadAssembly
Native extension for WindowsStandalone target not found
Native extension for WebGL target not found
Refreshing native plugins compatible for Editor in 0.78 ms, found 1 plugins.
Preloading 0 native plugins for Editor in 0.00 ms.
Mono: successfully reloaded assembly
- Completed reload, in  1.252 seconds
Platform modules already initialized, skipping
Refreshing native plugins compatible for Editor in 0.59 ms, found 1 plugins.
Preloading 0 native plugins for Editor in 0.00 ms.
Unloading 1810 Unused Serialized files (Serialized files now loaded: 0)
System memory in use before: 88.7 MB.
System memory in use after: 88.7 MB.

Unloading 12 unused Assets to reduce memory usage. Loaded Objects now: 2277.
Total: 5.520908 ms (FindLiveObjects: 0.453404 ms CreateObjectMapping: 0.226409 ms MarkObjects: 4.622606 ms  DeleteObjects: 0.215557 ms)

========================================================================
Received Prepare
Registering precompiled user dll's ...
Registered in 0.000710 seconds.
Begin MonoManager ReloadAssembly
Native extension for WindowsStandalone target not found
Native extension for WebGL target not found
Refreshing native plugins compatible for Editor in 0.84 ms, found 1 plugins.
Preloading 0 native plugins for Editor in 0.00 ms.
Mono: successfully reloaded assembly
- Completed reload, in  1.117 seconds
Platform modules already initialized, skipping
Refreshing native plugins compatible for Editor in 0.73 ms, found 1 plugins.
Preloading 0 native plugins for Editor in 0.00 ms.
Unloading 1810 Unused Serialized files (Serialized files now loaded: 0)
System memory in use before: 88.7 MB.
System memory in use after: 88.7 MB.

Unloading 12 unused Assets to reduce memory usage. Loaded Objects now: 2281.
Total: 3.111945 ms (FindLiveObjects: 0.273919 ms CreateObjectMapping: 0.089156 ms MarkObjects: 2.559414 ms  DeleteObjects: 0.188283 ms)

========================================================================
Received Prepare
Registering precompiled user dll's ...
Registered in 0.000650 seconds.
Begin MonoManager ReloadAssembly
Native extension for WindowsStandalone target not found
Native extension for WebGL target not found
Refreshing native plugins compatible for Editor in 0.78 ms, found 1 plugins.
Preloading 0 native plugins for Editor in 0.00 ms.
Mono: successfully reloaded assembly
- Completed reload, in  1.114 seconds
Platform modules already initialized, skipping
Refreshing native plugins compatible for Editor in 0.73 ms, found 1 plugins.
Preloading 0 native plugins for Editor in 0.00 ms.
Unloading 1810 Unused Serialized files (Serialized files now loaded: 0)
System memory in use before: 88.7 MB.
System memory in use after: 88.7 MB.

Unloading 12 unused Assets to reduce memory usage. Loaded Objects now: 2285.
Total: 3.105493 ms (FindLiveObjects: 0.282717 ms CreateObjectMapping: 0.087689 ms MarkObjects: 2.546217 ms  DeleteObjects: 0.187696 ms)

========================================================================
Received Prepare
Registering precompiled user dll's ...
Registered in 0.000706 seconds.
Begin MonoManager ReloadAssembly
Native extension for WindowsStandalone target not found
Native extension for WebGL target not found
Refreshing native plugins compatible for Editor in 0.53 ms, found 1 plugins.
Preloading 0 native plugins for Editor in 0.00 ms.
Mono: successfully reloaded assembly
- Completed reload, in  1.299 seconds
Platform modules already initialized, skipping
Refreshing native plugins compatible for Editor in 1.02 ms, found 1 plugins.
Preloading 0 native plugins for Editor in 0.00 ms.
Unloading 1810 Unused Serialized files (Serialized files now loaded: 0)
System memory in use before: 88.7 MB.
System memory in use after: 88.7 MB.

Unloading 12 unused Assets to reduce memory usage. Loaded Objects now: 2289.
Total: 5.544370 ms (FindLiveObjects: 0.390936 ms CreateObjectMapping: 0.224942 ms MarkObjects: 4.614981 ms  DeleteObjects: 0.311165 ms)

========================================================================
Received Prepare
Registering precompiled user dll's ...
Registered in 0.000807 seconds.
Begin MonoManager ReloadAssembly
Native extension for WindowsStandalone target not found
Native extension for WebGL target not found
Refreshing native plugins compatible for Editor in 0.82 ms, found 1 plugins.
Preloading 0 native plugins for Editor in 0.00 ms.
Mono: successfully reloaded assembly
- Completed reload, in  1.258 seconds
Platform modules already initialized, skipping
Refreshing native plugins compatible for Editor in 0.43 ms, found 1 plugins.
Preloading 0 native plugins for Editor in 0.00 ms.
Unloading 1810 Unused Serialized files (Serialized files now loaded: 0)
System memory in use before: 88.8 MB.
System memory in use after: 88.7 MB.

Unloading 12 unused Assets to reduce memory usage. Loaded Objects now: 2293.
Total: 3.242159 ms (FindLiveObjects: 0.324656 ms CreateObjectMapping: 0.100887 ms MarkObjects: 2.627454 ms  DeleteObjects: 0.188283 ms)

========================================================================
Received Prepare
Registering precompiled user dll's ...
Registered in 0.000597 seconds.
Begin MonoManager ReloadAssembly
Native extension for WindowsStandalone target not found
Native extension for WebGL target not found
Refreshing native plugins compatible for Editor in 0.53 ms, found 1 plugins.
Preloading 0 native plugins for Editor in 0.00 ms.
Mono: successfully reloaded assembly
- Completed reload, in  1.201 seconds
Platform modules already initialized, skipping
Refreshing native plugins compatible for Editor in 0.63 ms, found 1 plugins.
Preloading 0 native plugins for Editor in 0.00 ms.
Unloading 1810 Unused Serialized files (Serialized files now loaded: 0)
System memory in use before: 88.8 MB.
System memory in use after: 88.7 MB.

Unloading 12 unused Assets to reduce memory usage. Loaded Objects now: 2297.
Total: 4.943156 ms (FindLiveObjects: 0.371873 ms CreateObjectMapping: 0.225235 ms MarkObjects: 4.125798 ms  DeleteObjects: 0.218490 ms)

========================================================================
Received Prepare
Registering precompiled user dll's ...
Registered in 0.000829 seconds.
Begin MonoManager ReloadAssembly
Native extension for WindowsStandalone target not found
Native extension for WebGL target not found
Refreshing native plugins compatible for Editor in 1.07 ms, found 1 plugins.
Preloading 0 native plugins for Editor in 0.00 ms.
Mono: successfully reloaded assembly
- Completed reload, in  1.319 seconds
Platform modules already initialized, skipping
Refreshing native plugins compatible for Editor in 0.37 ms, found 1 plugins.
Preloading 0 native plugins for Editor in 0.00 ms.
Unloading 1810 Unused Serialized files (Serialized files now loaded: 0)
System memory in use before: 88.8 MB.
System memory in use after: 88.7 MB.

Unloading 12 unused Assets to reduce memory usage. Loaded Objects now: 2301.
Total: 5.669012 ms (FindLiveObjects: 0.451351 ms CreateObjectMapping: 0.222303 ms MarkObjects: 4.660145 ms  DeleteObjects: 0.331988 ms)

AssetImportWorkerClient::OnTransportError - code=2 error=End of file
